\BOOKMARK [0][-]{chapter*.1}{Resum}{}% 1
\BOOKMARK [0][-]{chapter*.4}{Glossari}{}% 2
\BOOKMARK [0][-]{chapter.1}{Prefaci}{}% 3
\BOOKMARK [1][-]{section.1.1}{Origen del projecte}{chapter.1}% 4
\BOOKMARK [2][-]{subsection.1.1.1}{Motivaci\363}{section.1.1}% 5
\BOOKMARK [0][-]{chapter.2}{Introducci\363}{}% 6
\BOOKMARK [1][-]{section.2.1}{Objectius del projecte}{chapter.2}% 7
\BOOKMARK [1][-]{section.2.2}{Abast del projecte}{chapter.2}% 8
\BOOKMARK [1][-]{section.2.3}{Que s'ent\351n per Experi\350ncia d'Usuari}{chapter.2}% 9
\BOOKMARK [1][-]{section.2.4}{Com s'estudia l'UX?}{chapter.2}% 10
\BOOKMARK [2][-]{subsection.2.4.1}{An\340lisi}{section.2.4}% 11
\BOOKMARK [2][-]{subsection.2.4.2}{Disseny}{section.2.4}% 12
\BOOKMARK [2][-]{subsection.2.4.3}{Implementaci\363}{section.2.4}% 13
\BOOKMARK [2][-]{subsection.2.4.4}{Avaluaci\363}{section.2.4}% 14
\BOOKMARK [1][-]{section.2.5}{Aplicacions existents}{chapter.2}% 15
\BOOKMARK [2][-]{subsection.2.5.1}{Aplicacions per enregistrar despeses/ingressos}{section.2.5}% 16
\BOOKMARK [2][-]{subsection.2.5.2}{Aplicacions per gestionar despeses en grup}{section.2.5}% 17
\BOOKMARK [1][-]{section.2.6}{Estudi de la meva app}{chapter.2}% 18
\BOOKMARK [1][-]{section.2.7}{Conclusions}{chapter.2}% 19
\BOOKMARK [1][-]{section.2.8}{Agra\357ments}{chapter.2}% 20
